1
=====================>> (Begin) Training params << =======================
{
    "params": {
        "batch_size": 4,
        "epoch": 40,
        "lr": 0.0005,
        "decay": 0.5,
        "decay_step": 3,
        "warmup": 0
    },
    "save": {
        "metapath": "/home/zjx/Gaze/Output/HybirdGaze",
        "folder": "gaze360",
        "model_name": "trans6",
        "step": 5
    },
    "data": {
        "image": "/home/zjx/Gaze/Datasets/gaze360_processed/Image",
        "label": "/home/zjx/Gaze/Datasets/gaze360_processed/Label/train.label",
        "header": true,
        "name": "gaze360",
        "isFolder": false
    },
    "pretrain": {
        "enable": false,
        "path": "PLACEHOLDER",
        "device": "PLACEHOLDER"
    },
    "device": 1,
    "ave_loss": 1000,
    "reader": "reader",
    "person": null
}
=====================>> (End) Training params << =======================
========================> Read Data <========================
-- [Read Data]: Source: /home/zjx/Gaze/Datasets/gaze360_processed/Label/train.label
-- [Read Data]: Total num: 84902
========================> Model Building <========================
========================> Optimizer Building <========================
========================> Training <========================
/home/zjx/.conda/envs/gaze/lib/python3.10/site-packages/torch/nn/modules/loss.py:96: UserWarning: Using a target size (torch.Size([4, 2])) that is different to the input size (torch.Size([2])). This will likely lead to incorrect results due to broadcasting. Please ensure they have the same size.
  return F.l1_loss(input, target, reduction=self.reduction)
[1/40]: [0/21226] loss:0.8830693960189819 lr:0.0005 rest time:473.73h
[1/40]: [20/21226] loss:0.633452296257019 lr:0.0005 rest time:32.04h
[1/40]: [40/21226] loss:0.28372570872306824 lr:0.0005 rest time:20.89h
[1/40]: [60/21226] loss:0.7280275821685791 lr:0.0005 rest time:17.13h
[1/40]: [80/21226] loss:0.7517779469490051 lr:0.0005 rest time:15.27h
[1/40]: [100/21226] loss:0.6980592608451843 lr:0.0005 rest time:14.14h
[1/40]: [120/21226] loss:0.518142580986023 lr:0.0005 rest time:13.40h
[1/40]: [140/21226] loss:0.4070931077003479 lr:0.0005 rest time:12.81h
[1/40]: [160/21226] loss:0.22119784355163574 lr:0.0005 rest time:12.43h
[1/40]: [180/21226] loss:0.4141828417778015 lr:0.0005 rest time:12.13h
[1/40]: [200/21226] loss:0.48708733916282654 lr:0.0005 rest time:11.86h
[1/40]: [220/21226] loss:0.621122419834137 lr:0.0005 rest time:11.67h
[1/40]: [240/21226] loss:0.4865029454231262 lr:0.0005 rest time:11.55h
[1/40]: [260/21226] loss:0.4528869390487671 lr:0.0005 rest time:11.44h
[1/40]: [280/21226] loss:0.5360323190689087 lr:0.0005 rest time:11.34h
[1/40]: [300/21226] loss:0.3287060260772705 lr:0.0005 rest time:11.24h
[1/40]: [320/21226] loss:0.6302821636199951 lr:0.0005 rest time:11.15h
[1/40]: [340/21226] loss:0.26720619201660156 lr:0.0005 rest time:11.08h
[1/40]: [360/21226] loss:0.537087619304657 lr:0.0005 rest time:11.06h
[1/40]: [380/21226] loss:0.7477096319198608 lr:0.0005 rest time:11.05h
[1/40]: [400/21226] loss:0.7020033001899719 lr:0.0005 rest time:11.04h
[1/40]: [420/21226] loss:0.5424132347106934 lr:0.0005 rest time:11.01h
[1/40]: [440/21226] loss:0.3662160336971283 lr:0.0005 rest time:10.97h
[1/40]: [460/21226] loss:0.5110252499580383 lr:0.0005 rest time:10.94h
[1/40]: [480/21226] loss:0.38079822063446045 lr:0.0005 rest time:10.94h
[1/40]: [500/21226] loss:0.24451042711734772 lr:0.0005 rest time:10.91h
[1/40]: [520/21226] loss:0.7240519523620605 lr:0.0005 rest time:10.89h
[1/40]: [540/21226] loss:0.6673416495323181 lr:0.0005 rest time:10.87h
[1/40]: [560/21226] loss:0.45857053995132446 lr:0.0005 rest time:10.83h
[1/40]: [580/21226] loss:0.37661832571029663 lr:0.0005 rest time:10.80h
[1/40]: [600/21226] loss:0.4415396451950073 lr:0.0005 rest time:10.79h
[1/40]: [620/21226] loss:0.4511355757713318 lr:0.0005 rest time:10.78h
[1/40]: [640/21226] loss:0.742356538772583 lr:0.0005 rest time:10.76h
[1/40]: [660/21226] loss:0.48649343848228455 lr:0.0005 rest time:10.74h
[1/40]: [680/21226] loss:0.5779508352279663 lr:0.0005 rest time:10.73h
[1/40]: [700/21226] loss:0.3303390443325043 lr:0.0005 rest time:10.70h
[1/40]: [720/21226] loss:0.33068132400512695 lr:0.0005 rest time:10.68h
[1/40]: [740/21226] loss:0.6035823822021484 lr:0.0005 rest time:10.67h
[1/40]: [760/21226] loss:0.21591559052467346 lr:0.0005 rest time:10.65h
[1/40]: [780/21226] loss:0.32922205328941345 lr:0.0005 rest time:10.64h
[1/40]: [800/21226] loss:0.4670248031616211 lr:0.0005 rest time:10.62h
[1/40]: [820/21226] loss:0.4440079629421234 lr:0.0005 rest time:10.60h
[1/40]: [840/21226] loss:0.2900931239128113 lr:0.0005 rest time:10.58h
[1/40]: [860/21226] loss:0.5507991909980774 lr:0.0005 rest time:10.57h
[1/40]: [880/21226] loss:0.3942875862121582 lr:0.0005 rest time:10.58h
[1/40]: [900/21226] loss:0.4242202341556549 lr:0.0005 rest time:10.56h
[1/40]: [920/21226] loss:0.29257917404174805 lr:0.0005 rest time:10.55h
[1/40]: [940/21226] loss:0.4211804270744324 lr:0.0005 rest time:10.53h
[1/40]: [960/21226] loss:0.299393892288208 lr:0.0005 rest time:10.53h
[1/40]: [980/21226] loss:0.30456972122192383 lr:0.0005 rest time:10.52h
[2/40]: [0/21226] loss:0.539178192615509 lr:0.0005 rest time:10.66h
[2/40]: [20/21226] loss:0.5442186594009399 lr:0.0005 rest time:10.63h
[2/40]: [40/21226] loss:0.278388649225235 lr:0.0005 rest time:10.62h
[2/40]: [60/21226] loss:0.4186524748802185 lr:0.0005 rest time:10.61h
[2/40]: [80/21226] loss:0.6059749126434326 lr:0.0005 rest time:10.60h
[2/40]: [100/21226] loss:0.4162241220474243 lr:0.0005 rest time:10.60h
[2/40]: [120/21226] loss:0.37386906147003174 lr:0.0005 rest time:10.60h
[2/40]: [140/21226] loss:0.4228416085243225 lr:0.0005 rest time:10.59h
[2/40]: [160/21226] loss:0.29864829778671265 lr:0.0005 rest time:10.59h
[2/40]: [180/21226] loss:0.3439205288887024 lr:0.0005 rest time:10.57h
[2/40]: [200/21226] loss:0.6509072780609131 lr:0.0005 rest time:10.57h
[2/40]: [220/21226] loss:0.23419979214668274 lr:0.0005 rest time:10.55h
[2/40]: [240/21226] loss:0.6230562925338745 lr:0.0005 rest time:10.54h
[2/40]: [260/21226] loss:0.5948418378829956 lr:0.0005 rest time:10.53h
[2/40]: [280/21226] loss:0.4239606261253357 lr:0.0005 rest time:10.53h
[2/40]: [300/21226] loss:0.5540287494659424 lr:0.0005 rest time:10.51h
[2/40]: [320/21226] loss:0.29229554533958435 lr:0.0005 rest time:10.50h
[2/40]: [340/21226] loss:0.5484175682067871 lr:0.0005 rest time:10.49h
[2/40]: [360/21226] loss:0.9593991041183472 lr:0.0005 rest time:10.47h
[2/40]: [380/21226] loss:0.32867276668548584 lr:0.0005 rest time:10.46h
[2/40]: [400/21226] loss:0.5173156261444092 lr:0.0005 rest time:10.44h
[2/40]: [420/21226] loss:0.40953147411346436 lr:0.0005 rest time:10.43h
[2/40]: [440/21226] loss:0.384318470954895 lr:0.0005 rest time:10.42h
[2/40]: [460/21226] loss:0.2114599049091339 lr:0.0005 rest time:10.41h
[2/40]: [480/21226] loss:0.3079603910446167 lr:0.0005 rest time:10.41h
[2/40]: [500/21226] loss:0.42862868309020996 lr:0.0005 rest time:10.40h
[2/40]: [520/21226] loss:0.16430507600307465 lr:0.0005 rest time:10.40h
[2/40]: [540/21226] loss:0.4438486397266388 lr:0.0005 rest time:10.40h
[2/40]: [560/21226] loss:0.25624388456344604 lr:0.0005 rest time:10.40h
[2/40]: [580/21226] loss:0.1687903106212616 lr:0.0005 rest time:10.39h
[2/40]: [600/21226] loss:0.43135008215904236 lr:0.0005 rest time:10.39h
[2/40]: [620/21226] loss:0.546096682548523 lr:0.0005 rest time:10.39h
[2/40]: [640/21226] loss:0.4444434344768524 lr:0.0005 rest time:10.38h
[2/40]: [660/21226] loss:0.3602994382381439 lr:0.0005 rest time:10.39h
[2/40]: [680/21226] loss:0.26423197984695435 lr:0.0005 rest time:10.37h
[2/40]: [700/21226] loss:0.5014632940292358 lr:0.0005 rest time:10.37h
[2/40]: [720/21226] loss:0.18922273814678192 lr:0.0005 rest time:10.36h
[2/40]: [740/21226] loss:0.30055612325668335 lr:0.0005 rest time:10.35h
[2/40]: [760/21226] loss:0.32877883315086365 lr:0.0005 rest time:10.34h
[2/40]: [780/21226] loss:0.43514394760131836 lr:0.0005 rest time:10.34h
[2/40]: [800/21226] loss:0.4195105731487274 lr:0.0005 rest time:10.33h
[2/40]: [820/21226] loss:0.3188458979129791 lr:0.0005 rest time:10.33h
[2/40]: [840/21226] loss:0.7119976282119751 lr:0.0005 rest time:10.31h
[2/40]: [860/21226] loss:0.320482075214386 lr:0.0005 rest time:10.31h
[2/40]: [880/21226] loss:0.4090200364589691 lr:0.0005 rest time:10.30h
[2/40]: [900/21226] loss:0.4088408052921295 lr:0.0005 rest time:10.28h
[2/40]: [920/21226] loss:0.44896218180656433 lr:0.0005 rest time:10.27h
[2/40]: [940/21226] loss:0.21387982368469238 lr:0.0005 rest time:10.25h
[2/40]: [960/21226] loss:0.29239267110824585 lr:0.0005 rest time:10.24h
[2/40]: [980/21226] loss:0.47199270129203796 lr:0.0005 rest time:10.23h
[3/40]: [0/21226] loss:0.20607393980026245 lr:0.00025 rest time:10.29h
[3/40]: [20/21226] loss:0.31395968794822693 lr:0.00025 rest time:10.28h
[3/40]: [40/21226] loss:0.4023659825325012 lr:0.00025 rest time:10.27h
[3/40]: [60/21226] loss:0.493578165769577 lr:0.00025 rest time:10.27h
[3/40]: [80/21226] loss:0.6567321419715881 lr:0.00025 rest time:10.27h
[3/40]: [100/21226] loss:0.47083622217178345 lr:0.00025 rest time:10.27h
[3/40]: [120/21226] loss:0.44406643509864807 lr:0.00025 rest time:10.27h
[3/40]: [140/21226] loss:0.37581032514572144 lr:0.00025 rest time:10.26h
[3/40]: [160/21226] loss:0.29847830533981323 lr:0.00025 rest time:10.27h
[3/40]: [180/21226] loss:0.4035208523273468 lr:0.00025 rest time:10.27h
[3/40]: [200/21226] loss:0.12399503588676453 lr:0.00025 rest time:10.28h
[3/40]: [220/21226] loss:0.3973817229270935 lr:0.00025 rest time:10.27h
[3/40]: [240/21226] loss:0.3418926000595093 lr:0.00025 rest time:10.28h
[3/40]: [260/21226] loss:0.3096429705619812 lr:0.00025 rest time:10.28h
[3/40]: [280/21226] loss:0.3312751352787018 lr:0.00025 rest time:10.27h
[3/40]: [300/21226] loss:0.1784285306930542 lr:0.00025 rest time:10.27h
[3/40]: [320/21226] loss:0.3523513674736023 lr:0.00025 rest time:10.27h
[3/40]: [340/21226] loss:0.3189728558063507 lr:0.00025 rest time:10.27h
[3/40]: [360/21226] loss:0.8113163709640503 lr:0.00025 rest time:10.27h
[3/40]: [380/21226] loss:0.3544548749923706 lr:0.00025 rest time:10.27h
[3/40]: [400/21226] loss:0.6702643036842346 lr:0.00025 rest time:10.27h
[3/40]: [420/21226] loss:0.2846204936504364 lr:0.00025 rest time:10.26h
[3/40]: [440/21226] loss:0.4859350323677063 lr:0.00025 rest time:10.26h
[3/40]: [460/21226] loss:0.3770723044872284 lr:0.00025 rest time:10.26h
[3/40]: [480/21226] loss:0.29587680101394653 lr:0.00025 rest time:10.26h
[3/40]: [500/21226] loss:0.26795530319213867 lr:0.00025 rest time:10.26h
[3/40]: [520/21226] loss:0.4549197554588318 lr:0.00025 rest time:10.25h
[3/40]: [540/21226] loss:0.4643815755844116 lr:0.00025 rest time:10.26h
[3/40]: [560/21226] loss:0.21217459440231323 lr:0.00025 rest time:10.26h
[3/40]: [580/21226] loss:0.32545506954193115 lr:0.00025 rest time:10.26h
[3/40]: [600/21226] loss:0.47922587394714355 lr:0.00025 rest time:10.26h
[3/40]: [620/21226] loss:0.24325688183307648 lr:0.00025 rest time:10.26h
[3/40]: [640/21226] loss:0.4490959942340851 lr:0.00025 rest time:10.26h
[3/40]: [660/21226] loss:0.5383095741271973 lr:0.00025 rest time:10.26h
[3/40]: [680/21226] loss:0.25485432147979736 lr:0.00025 rest time:10.26h
[3/40]: [700/21226] loss:0.31408172845840454 lr:0.00025 rest time:10.26h
[3/40]: [720/21226] loss:0.3605985641479492 lr:0.00025 rest time:10.26h
[3/40]: [740/21226] loss:0.4392383098602295 lr:0.00025 rest time:10.25h
[3/40]: [760/21226] loss:0.3787155747413635 lr:0.00025 rest time:10.25h
[3/40]: [780/21226] loss:0.4940309524536133 lr:0.00025 rest time:10.25h
[3/40]: [800/21226] loss:0.7446861267089844 lr:0.00025 rest time:10.25h
[3/40]: [820/21226] loss:0.3819396495819092 lr:0.00025 rest time:10.25h
[3/40]: [840/21226] loss:0.33804944157600403 lr:0.00025 rest time:10.25h
[3/40]: [860/21226] loss:0.6014653444290161 lr:0.00025 rest time:10.25h
[3/40]: [880/21226] loss:0.3112483620643616 lr:0.00025 rest time:10.25h
[3/40]: [900/21226] loss:0.21344859898090363 lr:0.00025 rest time:10.26h
[3/40]: [920/21226] loss:0.3489523231983185 lr:0.00025 rest time:10.26h
[3/40]: [940/21226] loss:0.23934485018253326 lr:0.00025 rest time:10.26h
[3/40]: [960/21226] loss:0.3242991864681244 lr:0.00025 rest time:10.26h
[3/40]: [980/21226] loss:0.2777685225009918 lr:0.00025 rest time:10.25h
[4/40]: [0/21226] loss:0.3831174969673157 lr:0.00025 rest time:10.29h
Traceback (most recent call last):
  File "/home/zjx/Gaze/Gaze_HybirdModel/./Train/train.py", line 188, in <module>
    
  File "/home/zjx/Gaze/Gaze_HybirdModel/./Train/train.py", line 121, in main
    # -----------------backward--------------------
  File "/home/zjx/.conda/envs/gaze/lib/python3.10/site-packages/torch/optim/optimizer.py", line 216, in zero_grad
    def zero_grad(self, set_to_none: bool = False):
KeyboardInterrupt
